<?xml version="1.0" encoding="UTF-8"?>
<!-- Generated by org.testng.reporters.JUnitReportReporter -->
<testsuite skipped="0" hostname="DESKTOP-5012LI8" name="Google.Amazontitle" tests="1" failures="0" timestamp="15 Feb 2019 06:36:39 GMT" time="18.082" errors="0">
  <testcase name="google" time="18.082" classname="Google.Amazontitle"/>
</testsuite> <!-- Google.Amazontitle -->
